<?xml version="1.0" encoding="UTF-8"?>
<!-- Generated by org.testng.reporters.JUnitReportReporter -->
<testsuite hostname="LAPTOP-GG5LC0BQ" failures="0" tests="1" name="QualityKioskTraining.TestCases.ValidLoginTestCases" time="7.124" errors="0" timestamp="2021-05-30T20:10:00 IST" skipped="0">
  <testcase classname="QualityKioskTraining.TestCases.ValidLoginTestCases" name="testLoginWithValidCredential" time="7.124"/>
  <system-out/>
</testsuite> <!-- QualityKioskTraining.TestCases.ValidLoginTestCases -->
