<?xml version="1.0" encoding="UTF-8"?>
<!-- Generated by org.testng.reporters.JUnitReportReporter -->
<testsuite hostname="LAPTOP-GG5LC0BQ" failures="0" tests="3" name="QualityKioskTraining.TestCases.InvalidLoginTestCases" time="4.362" errors="0" timestamp="2021-05-30T20:10:00 IST" skipped="0">
  <testcase classname="QualityKioskTraining.TestCases.InvalidLoginTestCases" name="testLoginWithInValidCredential" time="0.842"/>
  <system-out/>
  <testcase classname="QualityKioskTraining.TestCases.InvalidLoginTestCases" name="testLoginWithInValidCredential" time="1.564"/>
  <system-out/>
  <testcase classname="QualityKioskTraining.TestCases.InvalidLoginTestCases" name="testLoginWithInValidCredential" time="1.956"/>
  <system-out/>
</testsuite> <!-- QualityKioskTraining.TestCases.InvalidLoginTestCases -->
