<?xml version="1.0" encoding="UTF-8"?>
<!-- Generated by org.testng.reporters.JUnitReportReporter -->
<testsuite hostname="LAPTOP-GG5LC0BQ" failures="0" tests="3" name="QualityKioskTraining.TestCases.InvalidLoginTestCases" time="4.209" errors="0" timestamp="2021-05-30T23:19:12 IST" skipped="0">
  <testcase classname="QualityKioskTraining.TestCases.InvalidLoginTestCases" name="testLoginWithInValidCredential" time="1.052"/>
  <system-out/>
  <testcase classname="QualityKioskTraining.TestCases.InvalidLoginTestCases" name="testLoginWithInValidCredential" time="1.188"/>
  <system-out/>
  <testcase classname="QualityKioskTraining.TestCases.InvalidLoginTestCases" name="testLoginWithInValidCredential" time="1.969"/>
  <system-out/>
</testsuite> <!-- QualityKioskTraining.TestCases.InvalidLoginTestCases -->
