<?xml version="1.0" encoding="UTF-8"?>
<!-- Generated by org.testng.reporters.JUnitReportReporter -->
<testsuite skipped="0" hostname="LAPTOP-GG5LC0BQ" name="QualityKioskTraining.TestCases.InvalidLoginTestCases" tests="3" failures="0" timestamp="2021-05-30T23:23:07 IST" time="18.709" errors="0">
  <testcase name="testLoginWithInValidCredential" time="5.226" classname="QualityKioskTraining.TestCases.InvalidLoginTestCases"/>
  <system-out/>
  <testcase name="testLoginWithInValidCredential" time="5.876" classname="QualityKioskTraining.TestCases.InvalidLoginTestCases"/>
  <system-out/>
  <testcase name="testLoginWithInValidCredential" time="7.607" classname="QualityKioskTraining.TestCases.InvalidLoginTestCases"/>
  <system-out/>
</testsuite> <!-- QualityKioskTraining.TestCases.InvalidLoginTestCases -->
