<?xml version="1.0" encoding="UTF-8"?>
<!-- Generated by org.testng.reporters.JUnitReportReporter -->
<testsuite skipped="0" hostname="LAPTOP-GG5LC0BQ" name="QualityKioskTraining.TestCases.ValidLoginTestCases" tests="1" failures="0" timestamp="2021-05-30T23:23:07 IST" time="9.491" errors="0">
  <testcase name="testLoginWithValidCredential" time="9.491" classname="QualityKioskTraining.TestCases.ValidLoginTestCases"/>
  <system-out/>
</testsuite> <!-- QualityKioskTraining.TestCases.ValidLoginTestCases -->
